22:33:39.721 [INFO] [com.example.demo.SareetaApplication][Method logStarting] - Starting SareetaApplication on Admin with PID 16256 (D:\Projects_Udacity\Projects_Devops\nd035-c4-Security-and-DevOps\starter_code\target\classes started by Admin in D:\Projects_Udacity\Projects_Devops\nd035-c4-Security-and-DevOps)
22:33:39.740 [INFO] [com.example.demo.SareetaApplication][Method logStartupProfileInfo] - No active profile set, falling back to default profiles: default
22:33:41.411 [INFO] [o.s.d.r.c.RepositoryConfigurationDelegate][Method registerRepositoriesIn] - Bootstrapping Spring Data repositories in DEFAULT mode.
22:33:41.610 [INFO] [o.s.d.r.c.RepositoryConfigurationDelegate][Method registerRepositoriesIn] - Finished Spring Data repository scanning in 140ms. Found 4 repository interfaces.
22:33:42.886 [INFO] [o.s.c.s.PostProcessorRegistrationDelegate$BeanPostProcessorChecker][Method postProcessAfterInitialization] - Bean 'org.springframework.transaction.annotation.ProxyTransactionManagementConfiguration' of type [org.springframework.transaction.annotation.ProxyTransactionManagementConfiguration$$EnhancerBySpringCGLIB$$796ef487] is not eligible for getting processed by all BeanPostProcessors (for example: not eligible for auto-proxying)
22:33:43.731 [INFO] [o.s.b.w.e.tomcat.TomcatWebServer][Method initialize] - Tomcat initialized with port(s): 8080 (http)
22:33:43.776 [INFO] [o.a.coyote.http11.Http11NioProtocol][Method log] - Initializing ProtocolHandler ["http-nio-8080"]
22:33:43.802 [INFO] [o.a.catalina.core.StandardService][Method log] - Starting service [Tomcat]
22:33:43.802 [INFO] [o.a.catalina.core.StandardEngine][Method log] - Starting Servlet engine: [Apache Tomcat/9.0.19]
22:33:44.119 [INFO] [o.a.c.c.C.[Tomcat].[localhost].[/]][Method log] - Initializing Spring embedded WebApplicationContext
22:33:44.120 [INFO] [o.s.web.context.ContextLoader][Method prepareWebApplicationContext] - Root WebApplicationContext: initialization completed in 4241 ms
22:33:44.540 [INFO] [com.zaxxer.hikari.HikariDataSource][Method getConnection] - HikariPool-1 - Starting...
22:33:44.840 [INFO] [com.zaxxer.hikari.HikariDataSource][Method getConnection] - HikariPool-1 - Start completed.
22:33:44.978 [INFO] [o.h.jpa.internal.util.LogHelper][Method logPersistenceUnitInformation] - HHH000204: Processing PersistenceUnitInfo [
	name: default
	...]
22:33:45.182 [INFO] [org.hibernate.Version][Method logVersion] - HHH000412: Hibernate Core {5.3.10.Final}
22:33:45.186 [INFO] [org.hibernate.cfg.Environment][Method <clinit>] - HHH000206: hibernate.properties not found
22:33:45.553 [INFO] [o.h.annotations.common.Version][Method <clinit>] - HCANN000001: Hibernate Commons Annotations {5.0.4.Final}
22:33:45.874 [INFO] [org.hibernate.dialect.Dialect][Method <init>] - HHH000400: Using dialect: org.hibernate.dialect.H2Dialect
22:33:47.554 [INFO] [o.s.o.j.LocalContainerEntityManagerFactoryBean][Method buildNativeEntityManagerFactory] - Initialized JPA EntityManagerFactory for persistence unit 'default'
22:33:50.256 [WARN] [o.s.b.a.o.j.JpaBaseConfiguration$JpaWebConfiguration$JpaWebMvcConfiguration][Method openEntityManagerInViewInterceptor] - spring.jpa.open-in-view is enabled by default. Therefore, database queries may be performed during view rendering. Explicitly configure spring.jpa.open-in-view to disable this warning
22:33:50.573 [INFO] [o.s.s.web.DefaultSecurityFilterChain][Method <init>] - Creating filter chain: any request, [org.springframework.security.web.context.request.async.WebAsyncManagerIntegrationFilter@700202fa, org.springframework.security.web.context.SecurityContextPersistenceFilter@49de1505, org.springframework.security.web.header.HeaderWriterFilter@125124ea, org.springframework.web.filter.CorsFilter@141234df, org.springframework.security.web.authentication.logout.LogoutFilter@34e9de8d, com.example.demo.security.JWTAuthenticationFilter@65698020, com.example.demo.security.JWTAuthenticationVerficationFilter@57617a75, org.springframework.security.web.savedrequest.RequestCacheAwareFilter@29e3c28, org.springframework.security.web.servletapi.SecurityContextHolderAwareRequestFilter@29431f61, org.springframework.security.web.authentication.AnonymousAuthenticationFilter@3794b7b1, org.springframework.security.web.session.SessionManagementFilter@31450fc0, org.springframework.security.web.access.ExceptionTranslationFilter@8b1170f, org.springframework.security.web.access.intercept.FilterSecurityInterceptor@39159b14]
22:33:51.162 [INFO] [o.s.s.c.ThreadPoolTaskExecutor][Method initialize] - Initializing ExecutorService 'applicationTaskExecutor'
22:33:52.228 [INFO] [o.a.coyote.http11.Http11NioProtocol][Method log] - Starting ProtocolHandler ["http-nio-8080"]
22:33:52.666 [INFO] [o.s.b.w.e.tomcat.TomcatWebServer][Method start] - Tomcat started on port(s): 8080 (http) with context path ''
22:33:52.671 [INFO] [com.example.demo.SareetaApplication][Method logStarted] - Started SareetaApplication in 13.968 seconds (JVM running for 14.864)
22:34:01.505 [INFO] [o.a.c.c.C.[Tomcat].[localhost].[/]][Method log] - Initializing Spring DispatcherServlet 'dispatcherServlet'
22:34:01.506 [INFO] [o.s.web.servlet.DispatcherServlet][Method initServletBean] - Initializing Servlet 'dispatcherServlet'
22:34:01.520 [INFO] [o.s.web.servlet.DispatcherServlet][Method initServletBean] - Completed initialization in 14 ms
22:34:01.720 [INFO] [c.e.demo.controllers.UserController][Method createUser] - Begin create user with username dongthd
22:34:01.774 [INFO] [o.h.h.i.QueryTranslatorFactoryInitiator][Method initiateService] - HHH000397: Using ASTQueryTranslatorFactory
22:34:02.197 [INFO] [c.e.demo.controllers.UserController][Method createUser] - User created successfully
22:34:02.198 [INFO] [c.e.demo.controllers.UserController][Method createUser] - End create user with username dongthd
